<?xml version="1.0" encoding="UTF-8"?>
<testng-results ignored="0" total="1" passed="1" failed="0" skipped="0">
  <reporter-output>
    <line>
      <![CDATA[==Launching chrome Browser==]]>
    </line>
  </reporter-output>
  <suite started-at="2024-02-26T15:52:53Z" name="Default suite" finished-at="2024-02-26T15:53:27Z" duration-ms="33786">
    <groups>
    </groups>
    <test started-at="2024-02-26T15:52:53Z" name="Default test" finished-at="2024-02-26T15:53:27Z" duration-ms="33786">
      <class name="com.DemoBlaze.com.TestScript.TestScript1">
        <test-method is-config="true" signature="launchBrowser()[pri:0, instance:com.DemoBlaze.com.TestScript.TestScript1@481ba2cf]" started-at="2024-02-26T15:52:53Z" name="launchBrowser" finished-at="2024-02-26T15:52:59Z" duration-ms="5450" status="PASS">
          <reporter-output>
            <line>
              <![CDATA[==Launching chrome Browser==]]>
            </line>
          </reporter-output>
        </test-method> <!-- launchBrowser -->
        <test-method signature="addingProductsIntoCart()[pri:0, instance:com.DemoBlaze.com.TestScript.TestScript1@481ba2cf]" started-at="2024-02-26T15:52:59Z" name="addingProductsIntoCart" finished-at="2024-02-26T15:53:27Z" duration-ms="27986" status="PASS">
          <reporter-output>
          </reporter-output>
        </test-method> <!-- addingProductsIntoCart -->
        <test-method is-config="true" signature="closeBrowser()[pri:0, instance:com.DemoBlaze.com.TestScript.TestScript1@481ba2cf]" started-at="2024-02-26T15:53:27Z" name="closeBrowser" finished-at="2024-02-26T15:53:27Z" duration-ms="291" status="PASS">
          <reporter-output>
          </reporter-output>
        </test-method> <!-- closeBrowser -->
      </class> <!-- com.DemoBlaze.com.TestScript.TestScript1 -->
    </test> <!-- Default test -->
  </suite> <!-- Default suite -->
</testng-results>
